<?xml version="1.0" encoding="UTF-8"?>
<!-- Generated by org.testng.reporters.JUnitReportReporter -->
<testsuite hostname="Prafuls-MacBook-Pro.local" failures="0" tests="1" name="Tutorial1.getDemo7" time="1.384" errors="0" timestamp="2022-05-10T20:38:01 IST" skipped="0">
  <testcase classname="Tutorial1.getDemo7" name="abc" time="1.384"/>
  <system-out/>
</testsuite> <!-- Tutorial1.getDemo7 -->
